[02:37:00] [ServerMain/INFO]: [bootstrap] Running Java 21 (OpenJDK 64-Bit Server VM 21.0.7+6-Ubuntu-0ubuntu120.04; Ubuntu null) on Linux 6.8.0-1027-azure (amd64)
[02:37:00] [ServerMain/INFO]: [bootstrap] Loading Paper 1.21.4-231-ver/1.21.4@09e9afd (2025-05-19T17:59:36Z) for Minecraft 1.21.4
[02:37:00] [ServerMain/INFO]: [PluginInitializerManager] Initializing plugins...
[02:37:04] [ServerMain/INFO]: [PluginInitializerManager] Initialized 5 plugins
[02:37:04] [ServerMain/INFO]: [PluginInitializerManager] Bukkit plugins (5):
 - Geyser-Spigot (2.7.1-SNAPSHOT), SkinsRestorer (15.6.4), SmoothTimber (1.27.5), ViaVersion (5.3.2), floodgate (2.2.4-SNAPSHOT (b116-0e3163c))
[02:37:12] [ServerMain/INFO]: Environment: Environment[sessionHost=https://sessionserver.mojang.com, servicesHost=https://api.minecraftservices.com, name=PROD]
[02:37:15] [ServerMain/INFO]: Loaded 1370 recipes
[02:37:15] [ServerMain/INFO]: Loaded 1481 advancements
[02:37:15] [ServerMain/INFO]: [MCTypeRegistry] Initialising converters for DataConverter...
[02:37:15] [ServerMain/INFO]: [MCTypeRegistry] Finished initialising converters for DataConverter in 316.1ms
[02:37:15] [Server thread/INFO]: Starting minecraft server version 1.21.4
[02:37:15] [Server thread/INFO]: Loading properties
[02:37:15] [Server thread/INFO]: This server is running Paper version 1.21.4-231-ver/1.21.4@09e9afd (2025-05-19T17:59:36Z) (Implementing API version 1.21.4-R0.1-SNAPSHOT)
[02:37:16] [Server thread/INFO]: [spark] This server bundles the spark profiler. For more information please visit https://docs.papermc.io/paper/profiling
[02:37:16] [Server thread/INFO]: Server Ping Player Sample Count: 12
[02:37:16] [Server thread/INFO]: Using 4 threads for Netty based IO
[02:37:17] [Server thread/INFO]: [MoonriseCommon] Paper is using 1 worker threads, 1 I/O threads
[02:37:17] [Server thread/INFO]: [ChunkTaskScheduler] Chunk system is using population gen parallelism: true
[02:37:17] [Server thread/INFO]: Default game type: SURVIVAL
[02:37:17] [Server thread/INFO]: Generating keypair
[02:37:17] [Server thread/INFO]: Starting Minecraft server on *:25565
[02:37:17] [Server thread/INFO]: Using epoll channel type
[02:37:17] [Server thread/INFO]: Paper: Using libdeflate (Linux x86_64) compression from Velocity.
[02:37:17] [Server thread/INFO]: Paper: Using OpenSSL 1.1.x (Linux x86_64) cipher from Velocity.
[02:37:18] [Server thread/INFO]: [floodgate] Loading server plugin floodgate v2.2.4-SNAPSHOT (b116-0e3163c)
[02:37:20] [Server thread/WARN]: [floodgate] en_ is not a supported Floodgate language.
[02:37:20] [Server thread/INFO]: [floodgate] Took 1,440ms to boot Floodgate
[02:37:20] [Server thread/INFO]: [ViaVersion] Loading server plugin ViaVersion v5.3.2
[02:37:20] [Server thread/INFO]: [ViaVersion] ViaVersion 5.3.2 is now loaded. Registering protocol transformers and injecting...
[02:37:20] [Via-Mappingloader-0/INFO]: [ViaVersion] Loading block connection mappings ...
[02:37:21] [Via-Mappingloader-0/INFO]: [ViaVersion] Using FastUtil Long2ObjectOpenHashMap for block connections
[02:37:21] [Server thread/INFO]: [SkinsRestorer] Loading server plugin SkinsRestorer v15.6.4
[02:37:21] [Server thread/INFO]: [Geyser-Spigot] Loading server plugin Geyser-Spigot v2.7.1-SNAPSHOT
[02:37:22] [Server thread/INFO]: [Geyser-Spigot] Loading extensions...
[02:37:22] [Server thread/INFO]: [Geyser-Spigot] Loaded 0 extension(s)
[02:37:22] [Server thread/INFO]: [SmoothTimber] Loading server plugin SmoothTimber v1.27.5
[02:37:22] [Server thread/INFO]: Server permissions file permissions.yml is empty, ignoring it
[02:37:22] [Server thread/INFO]: [SkinsRestorer] Enabling SkinsRestorer v15.6.4
[02:37:23] [Server thread/INFO]: [SkinsRestorer] Running on Minecraft 1.21.4.
[02:37:23] [Server thread/INFO]: [SkinsRestorer] Floodgate skin listener registered
[02:37:24] [Server thread/INFO]: [SkinsRestorer] Using paper join listener!
[02:37:24] [Server thread/WARN]: **** SERVER IS RUNNING IN OFFLINE/INSECURE MODE!
[02:37:24] [Server thread/WARN]: The server will make no attempt to authenticate usernames. Beware.
[02:37:24] [Server thread/WARN]: While this makes the game possible to play without internet access, it also opens up the ability for hackers to connect with any username they choose.
[02:37:24] [Server thread/WARN]: To change this, set "online-mode" to "true" in the server.properties file.
[02:37:24] [Server thread/INFO]: Preparing level "world"
[02:37:24] [Folia Async Scheduler Thread #1/INFO]: [SkinsRestorer] ----------------------------------------------
[02:37:24] [Folia Async Scheduler Thread #1/INFO]: [SkinsRestorer]     +==================+
[02:37:24] [Folia Async Scheduler Thread #1/INFO]: [SkinsRestorer]     |   SkinsRestorer  |
[02:37:24] [Folia Async Scheduler Thread #1/INFO]: [SkinsRestorer]     |------------------|
[02:37:24] [Folia Async Scheduler Thread #1/INFO]: [SkinsRestorer]     |  Standalone Mode |
[02:37:24] [Folia Async Scheduler Thread #1/INFO]: [SkinsRestorer]     +==================+
[02:37:24] [Folia Async Scheduler Thread #1/INFO]: [SkinsRestorer] ----------------------------------------------
[02:37:24] [Folia Async Scheduler Thread #1/INFO]: [SkinsRestorer]     Version: 15.6.4
[02:37:24] [Folia Async Scheduler Thread #1/INFO]: [SkinsRestorer]     Commit: 7ee6269
[02:37:24] [Folia Async Scheduler Thread #1/INFO]: [SkinsRestorer]     This is the latest version!
[02:37:24] [Folia Async Scheduler Thread #1/INFO]: [SkinsRestorer] ----------------------------------------------
[02:37:24] [Folia Async Scheduler Thread #1/INFO]: [SkinsRestorer] Do you have issues? Read our troubleshooting guide: https://skinsrestorer.net/docs/troubleshooting
[02:37:24] [Folia Async Scheduler Thread #1/INFO]: [SkinsRestorer] Want to support SkinsRestorer? Consider donating: https://skinsrestorer.net/donate
[02:37:25] [Server thread/INFO]: Preparing start region for dimension minecraft:overworld
[02:37:25] [Server thread/INFO]: Preparing spawn area: 0%
[02:37:25] [Server thread/INFO]: Preparing spawn area: 10%
[02:37:27] [Server thread/INFO]: Preparing spawn area: 20%
[02:37:27] [Server thread/INFO]: Preparing spawn area: 22%
[02:37:27] [Server thread/INFO]: Time elapsed: 1711 ms
[02:37:27] [Server thread/INFO]: Preparing start region for dimension minecraft:the_nether
[02:37:27] [Server thread/INFO]: Preparing spawn area: 0%
[02:37:27] [Server thread/INFO]: Preparing spawn area: 20%
[02:37:27] [Server thread/INFO]: Time elapsed: 634 ms
[02:37:27] [Server thread/INFO]: Preparing start region for dimension minecraft:the_end
[02:37:27] [Server thread/INFO]: Preparing spawn area: 0%
[02:37:27] [Server thread/INFO]: Time elapsed: 206 ms
[02:37:27] [Server thread/INFO]: [floodgate] Enabling floodgate v2.2.4-SNAPSHOT (b116-0e3163c)
[02:37:28] [Server thread/INFO]: [ViaVersion] Enabling ViaVersion v5.3.2
[02:37:28] [Server thread/INFO]: [ViaVersion] ViaVersion detected server version: 1.21.4 (769)
[02:37:28] [Server thread/INFO]: [Geyser-Spigot] Enabling Geyser-Spigot v2.7.1-SNAPSHOT
[02:37:28] [Server thread/INFO]: [SmoothTimber] Enabling SmoothTimber v1.27.5
[02:37:28] [Server thread/INFO]: SmoothTimber || You're currently using the supported Minecraft Version 1.21.4 (Core v1_21x)
[02:37:29] [Server thread/INFO]: [spark] Starting background profiler...
[02:37:30] [Server thread/INFO]: [Geyser-Spigot] ******************************************
[02:37:30] [Server thread/INFO]: [Geyser-Spigot] 
[02:37:30] [Server thread/INFO]: [Geyser-Spigot] Loading Geyser version 2.7.1-b838 (git-master-c80a8a7)
[02:37:30] [Server thread/INFO]: [Geyser-Spigot] 
[02:37:30] [Server thread/INFO]: [Geyser-Spigot] ******************************************
[02:37:35] [Server thread/INFO]: [Geyser-Spigot] Started Geyser on UDP port 1077
[02:37:35] [Server thread/INFO]: [Geyser-Spigot] Done (5.405s)! Run /geyser help for help!
[02:37:36] [Server thread/INFO]: Done preparing level "world" (11.744s)
[02:37:36] [Server thread/INFO]: Running delayed init tasks
[02:37:36] [Server thread/INFO]: Done (37.738s)! For help, type "help"
[02:37:36] [Craft Scheduler Thread - 3 - ViaVersion/INFO]: [ViaVersion] Finished mapping loading, shutting down loader executor.
[02:41:35] [epollEventLoopGroup-4-1/INFO]: [Geyser-Spigot] Player connected with username Astaroft5236
[02:41:35] [localSession-7-2/INFO]: [Geyser-Spigot] Astaroft5236 (logged in as: Astaroft5236) has connected to the Java server
[02:41:35] [Server thread/INFO]: [floodgate] Floodgate player logged in as .Astaroft5236 joined (UUID: 00000000-0000-0000-0009-01ff5e3512a5)
[02:41:36] [Server thread/INFO]: .Astaroft5236 joined the game
[02:41:36] [Server thread/INFO]: .Astaroft5236[/127.0.0.1:0] logged in with entity id 72 at ([world]248.78377, 64.0, -360.6044)
[02:42:05] [epollEventLoopGroup-4-1/INFO]: [Geyser-Spigot] Astaroft5236 has disconnected from the Java server because of Bedrock client timed out
[02:42:05] [Geyser Spigot connection thread-6-3/INFO]: [floodgate] Floodgate player logged in as .Astaroft5236 disconnected
[02:42:05] [Server thread/INFO]: .Astaroft5236 lost connection: Disconnected
[02:42:06] [Server thread/INFO]: .Astaroft5236 left the game
[02:43:10] [epollEventLoopGroup-4-2/INFO]: [Geyser-Spigot] Player connected with username Astaroft5236
[02:43:10] [localSession-7-3/INFO]: [Geyser-Spigot] Astaroft5236 (logged in as: Astaroft5236) has connected to the Java server
[02:43:11] [Server thread/INFO]: [floodgate] Floodgate player logged in as .Astaroft5236 joined (UUID: 00000000-0000-0000-0009-01ff5e3512a5)
[02:43:11] [Server thread/INFO]: .Astaroft5236 joined the game
[02:43:11] [Server thread/INFO]: .Astaroft5236[/127.0.0.1:0] logged in with entity id 522 at ([world]254.11595, 64.0, -366.05817)
[02:43:39] [epollEventLoopGroup-4-2/INFO]: [Geyser-Spigot] Astaroft5236 has disconnected from the Java server because of Bedrock client timed out
[02:43:39] [Geyser Spigot connection thread-6-4/INFO]: [floodgate] Floodgate player logged in as .Astaroft5236 disconnected
[02:43:39] [Server thread/INFO]: .Astaroft5236 lost connection: Disconnected
[02:43:39] [Server thread/INFO]: .Astaroft5236 left the game
